<?xml version="1.0" encoding="UTF-8"?>
<!-- Generated by org.testng.reporters.JUnitReportReporter -->
<testsuite hostname="Foram" failures="0" tests="1" name="runner.RunTestNGTest" time="8.540" errors="0" timestamp="2024-02-02T09:53:12 EST" skipped="0">
  <testcase classname="runner.RunTestNGTest" name="runScenario" time="8.540"/>
</testsuite> <!-- runner.RunTestNGTest -->
