<?xml version="1.0" encoding="UTF-8"?>
<!-- Generated by org.testng.reporters.JUnitReportReporter -->
<testsuite hostname="SeenaReddy" failures="0" tests="2" name="runner.RunTestNGTest" time="23.934" errors="0" timestamp="2024-01-31T07:54:24 MST" skipped="0">
  <testcase classname="runner.RunTestNGTest" name="runScenario" time="16.382"/>
  <testcase classname="runner.RunTestNGTest" name="runScenario" time="7.552"/>
</testsuite> <!-- runner.RunTestNGTest -->
